===========================
dom 02 jul 2023 11:16:33 CST
Se se encontro HDMI-A-0
===========================
dom 02 jul 2023 11:18:16 CST
Se se encontro HDMI-A-0
===========================
dom 02 jul 2023 11:57:55 CST
===========================
dom 02 jul 2023 11:59:09 CST
===========================
dom 02 jul 2023 12:00:03 CST
===========================
dom 02 jul 2023 12:01:26 CST
Se se encontro HDMI-A-0
===========================
lun 03 jul 2023 12:04:46 CST
Se se encontro HDMI-A-0
===========================
lun 03 jul 2023 13:15:12 CST
Se se encontro HDMI-A-0
===========================
mar 04 jul 2023 02:16:24 CST
Se se encontro HDMI-A-0
===========================
mar 04 jul 2023 12:14:58 CST
Se se encontro HDMI-A-0
===========================
mié 05 jul 2023 15:31:17 CST
Se se encontro HDMI-A-0
===========================
jue 06 jul 2023 13:38:42 CST
Se se encontro HDMI-A-0
===========================
vie 07 jul 2023 11:08:52 CST
Se se encontro HDMI-A-0
===========================
vie 07 jul 2023 18:40:40 CST
Se se encontro HDMI-A-0
===========================
vie 07 jul 2023 21:05:44 CST
Se se encontro HDMI-A-0
===========================
sáb 08 jul 2023 10:38:43 CST
Se se encontro HDMI-A-0
===========================
dom 09 jul 2023 10:42:44 CST
Se se encontro HDMI-A-0
===========================
lun 10 jul 2023 11:01:24 CST
Se se encontro HDMI-A-0
===========================
mar 11 jul 2023 10:03:00 CST
Se se encontro HDMI-A-0
===========================
mar 11 jul 2023 19:39:01 CST
Se se encontro HDMI-A-0
===========================
mié 12 jul 2023 09:17:02 CST
Se se encontro HDMI-A-0
===========================
jue 13 jul 2023 08:15:35 CST
Se se encontro HDMI-A-0
===========================
vie 14 jul 2023 10:06:20 CST
Se se encontro HDMI-A-0
===========================
sáb 15 jul 2023 16:34:53 CST
Se se encontro HDMI-A-0
===========================
sáb 15 jul 2023 21:55:39 CST
Se se encontro HDMI-A-0
===========================
dom 16 jul 2023 11:00:21 CST
Se se encontro HDMI-A-0
===========================
dom 16 jul 2023 19:49:39 CST
Se se encontro HDMI-A-0
===========================
lun 17 jul 2023 10:34:28 CST
Se se encontro HDMI-A-0
===========================
lun 17 jul 2023 20:44:13 CST
Se se encontro HDMI-A-0
===========================
mar 18 jul 2023 10:36:16 CST
Se se encontro HDMI-A-0
===========================
jue 20 jul 2023 09:56:24 CST
Se se encontro HDMI-A-0
===========================
vie 21 jul 2023 08:37:04 CST
Se se encontro HDMI-A-0
===========================
vie 21 jul 2023 14:04:29 CST
Se se encontro HDMI-A-0
===========================
sáb 22 jul 2023 09:30:46 CST
Se se encontro HDMI-A-0
===========================
dom 23 jul 2023 09:54:51 CST
Se se encontro HDMI-A-0
===========================
dom 23 jul 2023 17:44:47 CST
Se se encontro HDMI-A-0
===========================
lun 24 jul 2023 09:44:08 CST
Se se encontro HDMI-A-0
===========================
mar 25 jul 2023 09:46:20 CST
Se se encontro HDMI-A-0
===========================
mié 26 jul 2023 06:44:01 CST
Se se encontro HDMI-A-0
===========================
mié 26 jul 2023 14:16:42 CST
Se se encontro HDMI-A-0
===========================
mié 26 jul 2023 15:39:34 CST
Se se encontro HDMI-A-0
===========================
jue 27 jul 2023 09:43:43 CST
Se se encontro HDMI-A-0
===========================
vie 28 jul 2023 00:09:27 CST
Se se encontro HDMI-A-0
===========================
vie 28 jul 2023 16:08:36 CST
Se se encontro HDMI-A-0
===========================
sáb 29 jul 2023 09:48:56 CST
Se se encontro HDMI-A-0
===========================
sáb 29 jul 2023 18:37:02 CST
Se se encontro HDMI-A-0
===========================
dom 30 jul 2023 10:24:41 CST
Se se encontro HDMI-A-0
===========================
lun 31 jul 2023 09:50:59 CST
Se se encontro HDMI-A-0
===========================
lun 31 jul 2023 09:55:13 CST
Se se encontro HDMI-A-0
===========================
lun 31 jul 2023 10:17:54 CST
Se se encontro HDMI-A-0
===========================
lun 31 jul 2023 13:24:32 CST
Se se encontro HDMI-A-0
